<?xml version="1.0" encoding="UTF-8"?>
<!-- Generated by org.testng.reporters.JUnitReportReporter -->
<testsuite hostname="TYSS-Prabhat" failures="0" tests="1" name="Tasks.Upload" time="49.456" errors="0" timestamp="2024-01-26T22:00:42 IST" skipped="0">
  <testcase classname="Tasks.Upload" name="uploadresume" time="49.456"/>
  <system-out/>
</testsuite> <!-- Tasks.Upload -->
