<?xml version="1.0" encoding="UTF-8"?>
<!-- Generated by org.testng.reporters.JUnitReportReporter -->
<testsuite hostname="TYSS-Prabhat" failures="0" tests="1" name="Tasks.NaukriResumeUpload" time="22.891" errors="0" timestamp="2023-11-02T10:32:04 IST" skipped="0">
  <testcase classname="Tasks.NaukriResumeUpload" name="uploadresume" time="22.891"/>
  <system-out/>
</testsuite> <!-- Tasks.NaukriResumeUpload -->
