<?xml version="1.0" encoding="UTF-8"?>
<!-- Generated by org.testng.reporters.JUnitReportReporter -->
<testsuite hostname="TYSS-Prabhat" failures="0" tests="1" name="Tasks.Upload" time="28.376" errors="0" timestamp="2024-01-22T10:11:23 IST" skipped="0">
  <testcase classname="Tasks.Upload" name="uploadresume" time="28.376"/>
  <system-out/>
</testsuite> <!-- Tasks.Upload -->
