<?xml version="1.0" encoding="UTF-8"?>
<!-- Generated by org.testng.reporters.JUnitReportReporter -->
<testsuite hostname="TYSS-Prabhat" failures="0" tests="1" name="Programs.OccurenceOfChar" time="0.014" errors="0" timestamp="2024-01-19T12:40:12 IST" skipped="0">
  <testcase classname="Programs.OccurenceOfChar" name="comma" time="0.014"/>
  <system-out/>
</testsuite> <!-- Programs.OccurenceOfChar -->
