<?xml version="1.0" encoding="UTF-8"?>
<!-- Generated by org.testng.reporters.JUnitReportReporter -->
<testsuite hostname="TYSS-Prabhat" failures="0" tests="1" name="Tasks.ImageDownload" time="55.275" errors="0" timestamp="2023-12-18T12:43:13 IST" skipped="0">
  <testcase classname="Tasks.ImageDownload" name="ajioimage" time="55.275"/>
  <system-out/>
</testsuite> <!-- Tasks.ImageDownload -->
