<?xml version="1.0" encoding="UTF-8"?>
<!-- Generated by org.testng.reporters.JUnitReportReporter -->
<testsuite hostname="TYSS-Prabhat" failures="0" tests="1" name="Tasks.Scroll" time="24.590" errors="0" timestamp="2023-11-19T17:06:15 IST" skipped="0">
  <testcase classname="Tasks.Scroll" name="orangrcrm" time="24.590"/>
  <system-out/>
</testsuite> <!-- Tasks.Scroll -->
