<?xml version="1.0" encoding="UTF-8"?>
<!-- Generated by org.testng.reporters.JUnitReportReporter -->
<testsuite hostname="TYSS-Prabhat" failures="0" tests="1" name="Tasks.ExcelData" time="3.525" errors="0" timestamp="2023-11-03T12:14:16 IST" skipped="0">
  <testcase classname="Tasks.ExcelData" name="fetchdata" time="3.525"/>
  <system-out>
    <![CDATA[Prabhat2
Prabhat2]]>
  </system-out>
</testsuite> <!-- Tasks.ExcelData -->
