<?xml version="1.0" encoding="UTF-8"?>
<!-- Generated by org.testng.reporters.JUnitReportReporter -->
<testsuite hostname="TYSS-Prabhat" failures="0" tests="1" name="Tasks.Upload" time="57.252" errors="0" timestamp="2024-02-02T10:41:38 IST" skipped="0">
  <testcase classname="Tasks.Upload" name="uploadresume" time="57.252"/>
  <system-out/>
</testsuite> <!-- Tasks.Upload -->
