<?xml version="1.0" encoding="UTF-8"?>
<!-- Generated by org.testng.reporters.JUnitReportReporter -->
<testsuite hostname="TYSS-Prabhat" failures="0" tests="1" name="Tasks.TenaliRaman" time="23.642" errors="0" timestamp="2023-12-22T10:26:42 IST" skipped="0">
  <testcase classname="Tasks.TenaliRaman" name="fetchname" time="23.642"/>
  <system-out/>
</testsuite> <!-- Tasks.TenaliRaman -->
