<?xml version="1.0" encoding="UTF-8"?>
<!-- Generated by org.testng.reporters.JUnitReportReporter -->
<testsuite hostname="TYSS-Prabhat" failures="0" tests="1" name="Tasks.SpiceJet" time="65.959" errors="0" timestamp="2023-11-07T12:21:40 IST" skipped="0">
  <testcase classname="Tasks.SpiceJet" name="orangrcrm" time="65.959"/>
  <system-out>
    <![CDATA[1) SG 8169
2) SG 8703
₹ 6,081
₹ 6,553
₹ 6,607
₹ 7,079
₹ 7,278
₹ 7,750
Button is enabled ]]>
  </system-out>
</testsuite> <!-- Tasks.SpiceJet -->
