<?xml version="1.0" encoding="UTF-8"?>
<!-- Generated by org.testng.reporters.JUnitReportReporter -->
<testsuite hostname="TYSS-Prabhat" failures="0" tests="2" name="Tasks.Report" time="0.113" errors="0" timestamp="2023-12-08T15:46:12 IST" skipped="0">
  <testcase classname="Tasks.Report" name="TC_002" time="0.000"/>
  <system-out/>
  <testcase classname="Tasks.Report" name="TC_001" time="0.113"/>
  <system-out/>
</testsuite> <!-- Tasks.Report -->
