<?xml version="1.0" encoding="UTF-8"?>
<!-- Generated by org.testng.reporters.JUnitReportReporter -->
<testsuite hostname="TYSS-Prabhat" failures="0" tests="1" name="Tasks.Ajiotest" time="35.504" errors="0" timestamp="2023-11-16T10:40:00 IST" skipped="0">
  <testcase classname="Tasks.Ajiotest" name="ajio" time="35.504"/>
  <system-out>
    <![CDATA[1) Lace-Up Running Shoes
2) Textured Lace-Up Sports Shoes
3) Mid-Tops Lace-Up Sports Shoes
4) Revolution 6 NN Running Shoes
5) Downshifter 12 Running Shoes
6) Knitted Round-Toe Lace-Up Running Shoes
7) Round-Toe Lace-Up Sports Shoes
8) Men Robust V2 Shoes
9) Textured Lace-up Sports Shoes
10) Sports Shoaves with Mesh upper
11) Round-Toe Cricket Shoes
12) Revolution 6 Flyease Running Shoes
13) Men Revolution 7 Lace-Up Running Shoes
14) Royce 2 Panelled Running Shoes
15) Lace-Up Running Shoes
16) Low-Tops Flat Heeled Sports Shoes
17) Knitted Round-Toe Lace-Up Running Shoes
18) Men Downshifter Running Shoes
19) Men Revolution 7 Lace-Up Running Shoes
20) Royce-2 Lace-Up Running Shoes
21) Revolution 6 NN Running Shoes
22) Lace-Up Running Shoes
23) Men Precision Basketball Shoes
24) Downshifter 12 Running Shoes
25) Men Air Max Alpha Trainer 5 Lace-Up Football Shoes
26) BRAZIL ADV PRO Lace-Up Running Shoes
27) Mid-Top Lace-Up Running Shoes
28) Air Zoom Pegasus 40 Running Shoes
29) Men Revolution 7 Lace-Up Running Shoes
30) Men Giannis Immortality 3 EP Lace-Up Basketball Shoes
31) Men Lace-Up Walking Shoes
32) Slip-on Sports Shoes
33) Mid-Top Lace-Up Running Shoes
34) Oxyfit (N) Slip-On Running Shoes
35) Nike Quest 5 Running Shoes
36) Men Low-Top Lace-Up Running Shoes
37) Lace-Up Running Shoes
38) Dwane IDP Running Shoes
39) Run Swift 3 Running Shoes
40) Sports Shoes with Lace Fastening
41) Round-Toe Cricket Shoes with Lace Up
42) Round-Toe Lace-Up Running Shoes
43) Downshifter 12 Running Shoes
44) Venture Runner Running Shoes
45) Sports Shoes with Mesh upper]]>
  </system-out>
</testsuite> <!-- Tasks.Ajiotest -->
