<?xml version="1.0" encoding="UTF-8"?>
<!-- Generated by org.testng.reporters.JUnitReportReporter -->
<testsuite hostname="TYSS-Prabhat" failures="0" tests="1" name="Tasks.Orange" time="23.029" errors="0" timestamp="2023-11-29T14:51:48 IST" skipped="0">
  <testcase classname="Tasks.Orange" name="orangrcrm" time="23.029"/>
  <system-out/>
</testsuite> <!-- Tasks.Orange -->
