<?xml version="1.0" encoding="UTF-8"?>
<!-- Generated by org.testng.reporters.JUnitReportReporter -->
<testsuite hostname="TYSS-Prabhat" failures="0" tests="1" name="Tasks.IrctcBusBook" time="81.532" errors="1" timestamp="2023-11-16T15:23:39 IST" skipped="0">
  <testcase classname="Tasks.IrctcBusBook" name="busbook" time="81.532">
    <error message="element click intercepted: Element &lt;input class=&quot;form-check-input ng-untouched ng-pristine ng-invalid&quot; id=&quot;agree&quot; name=&quot;agree&quot; required=&quot;&quot; type=&quot;checkbox&quot;&gt; is not clickable at point (1043, 7). Other element would receive the click: &lt;div class=&quot;col-8 col-md-9 pl-0&quot;&gt;...&lt;/div&gt;
  (Session info: chrome=118.0.5993.118)
Build info: version: &#039;4.11.0&#039;, revision: &#039;040bc5406b&#039;
System info: os.name: &#039;Windows 11&#039;, os.arch: &#039;amd64&#039;, os.version: &#039;10.0&#039;, java.version: &#039;17.0.8&#039;
Driver info: org.openqa.selenium.chrome.ChromeDriver
Command: [72b6c16c8dd3921c19542308f29986fb, clickElement {id=9174BF8470ACA5A27A9683E31238F469_element_18490}]
Capabilities {acceptInsecureCerts: false, browserName: chrome, browserVersion: 118.0.5993.118, chrome: {chromedriverVersion: 118.0.5993.70 (e52f33f30b91..., userDataDir: C:\Users\User\AppData\Local...}, fedcm:accounts: true, goog:chromeOptions: {debuggerAddress: localhost:56827}, networkConnectionEnabled: false, pageLoadStrategy: normal, platformName: windows, proxy: Proxy(), se:cdp: ws://localhost:56827/devtoo..., se:cdpVersion: 118.0.5993.118, setWindowRect: true, strictFileInteractability: false, timeouts: {implicit: 0, pageLoad: 300000, script: 30000}, unhandledPromptBehavior: dismiss and notify, webauthn:extension:credBlob: true, webauthn:extension:largeBlob: true, webauthn:extension:minPinLength: true, webauthn:extension:prf: true, webauthn:virtualAuthenticators: true}
Element: [[ChromeDriver: chrome on windows (72b6c16c8dd3921c19542308f29986fb)] -&gt; xpath: //input[@id=&#039;agree&#039;]]
Session ID: 72b6c16c8dd3921c19542308f29986fb" type="org.openqa.selenium.ElementClickInterceptedException">
      <![CDATA[org.openqa.selenium.ElementClickInterceptedException: element click intercepted: Element <input class="form-check-input ng-untouched ng-pristine ng-invalid" id="agree" name="agree" required="" type="checkbox"> is not clickable at point (1043, 7). Other element would receive the click: <div class="col-8 col-md-9 pl-0">...</div>
  (Session info: chrome=118.0.5993.118)
Build info: version: '4.11.0', revision: '040bc5406b'
System info: os.name: 'Windows 11', os.arch: 'amd64', os.version: '10.0', java.version: '17.0.8'
Driver info: org.openqa.selenium.chrome.ChromeDriver
Command: [72b6c16c8dd3921c19542308f29986fb, clickElement {id=9174BF8470ACA5A27A9683E31238F469_element_18490}]
Capabilities {acceptInsecureCerts: false, browserName: chrome, browserVersion: 118.0.5993.118, chrome: {chromedriverVersion: 118.0.5993.70 (e52f33f30b91..., userDataDir: C:\Users\User\AppData\Local...}, fedcm:accounts: true, goog:chromeOptions: {debuggerAddress: localhost:56827}, networkConnectionEnabled: false, pageLoadStrategy: normal, platformName: windows, proxy: Proxy(), se:cdp: ws://localhost:56827/devtoo..., se:cdpVersion: 118.0.5993.118, setWindowRect: true, strictFileInteractability: false, timeouts: {implicit: 0, pageLoad: 300000, script: 30000}, unhandledPromptBehavior: dismiss and notify, webauthn:extension:credBlob: true, webauthn:extension:largeBlob: true, webauthn:extension:minPinLength: true, webauthn:extension:prf: true, webauthn:virtualAuthenticators: true}
Element: [[ChromeDriver: chrome on windows (72b6c16c8dd3921c19542308f29986fb)] -> xpath: //input[@id='agree']]
Session ID: 72b6c16c8dd3921c19542308f29986fb
at java.base/jdk.internal.reflect.NativeConstructorAccessorImpl.newInstance0(Native Method)
at java.base/jdk.internal.reflect.NativeConstructorAccessorImpl.newInstance(NativeConstructorAccessorImpl.java:77)
at java.base/jdk.internal.reflect.DelegatingConstructorAccessorImpl.newInstance(DelegatingConstructorAccessorImpl.java:45)
at java.base/java.lang.reflect.Constructor.newInstanceWithCaller(Constructor.java:499)
at java.base/java.lang.reflect.Constructor.newInstance(Constructor.java:480)
at org.openqa.selenium.remote.codec.w3c.W3CHttpResponseCodec.createException(W3CHttpResponseCodec.java:200)
at org.openqa.selenium.remote.codec.w3c.W3CHttpResponseCodec.decode(W3CHttpResponseCodec.java:133)
at org.openqa.selenium.remote.codec.w3c.W3CHttpResponseCodec.decode(W3CHttpResponseCodec.java:52)
at org.openqa.selenium.remote.HttpCommandExecutor.execute(HttpCommandExecutor.java:191)
at org.openqa.selenium.remote.service.DriverCommandExecutor.invokeExecute(DriverCommandExecutor.java:196)
at org.openqa.selenium.remote.service.DriverCommandExecutor.execute(DriverCommandExecutor.java:171)
at org.openqa.selenium.remote.RemoteWebDriver.execute(RemoteWebDriver.java:518)
at org.openqa.selenium.remote.RemoteWebElement.execute(RemoteWebElement.java:224)
at org.openqa.selenium.remote.RemoteWebElement.click(RemoteWebElement.java:77)
at Tasks.IrctcBusBook.busbook(IrctcBusBook.java:100)
at java.base/jdk.internal.reflect.NativeMethodAccessorImpl.invoke0(Native Method)
at java.base/jdk.internal.reflect.NativeMethodAccessorImpl.invoke(NativeMethodAccessorImpl.java:77)
at java.base/jdk.internal.reflect.DelegatingMethodAccessorImpl.invoke(DelegatingMethodAccessorImpl.java:43)
at java.base/java.lang.reflect.Method.invoke(Method.java:568)
at org.testng.internal.MethodInvocationHelper.invokeMethod(MethodInvocationHelper.java:133)
at org.testng.internal.TestInvoker.invokeMethod(TestInvoker.java:598)
at org.testng.internal.TestInvoker.invokeTestMethod(TestInvoker.java:173)
at org.testng.internal.MethodRunner.runInSequence(MethodRunner.java:46)
at org.testng.internal.TestInvoker$MethodInvocationAgent.invoke(TestInvoker.java:824)
at org.testng.internal.TestInvoker.invokeTestMethods(TestInvoker.java:146)
at org.testng.internal.TestMethodWorker.invokeTestMethods(TestMethodWorker.java:146)
at org.testng.internal.TestMethodWorker.run(TestMethodWorker.java:128)
at java.base/java.util.ArrayList.forEach(ArrayList.java:1511)
at org.testng.TestRunner.privateRun(TestRunner.java:794)
at org.testng.TestRunner.run(TestRunner.java:596)
at org.testng.SuiteRunner.runTest(SuiteRunner.java:377)
at org.testng.SuiteRunner.runSequentially(SuiteRunner.java:371)
at org.testng.SuiteRunner.privateRun(SuiteRunner.java:332)
at org.testng.SuiteRunner.run(SuiteRunner.java:276)
at org.testng.SuiteRunnerWorker.runSuite(SuiteRunnerWorker.java:53)
at org.testng.SuiteRunnerWorker.run(SuiteRunnerWorker.java:96)
at org.testng.TestNG.runSuitesSequentially(TestNG.java:1212)
at org.testng.TestNG.runSuitesLocally(TestNG.java:1134)
at org.testng.TestNG.runSuites(TestNG.java:1063)
at org.testng.TestNG.run(TestNG.java:1031)
at org.testng.remote.AbstractRemoteTestNG.run(AbstractRemoteTestNG.java:115)
at org.testng.remote.RemoteTestNG.initAndRun(RemoteTestNG.java:251)
at org.testng.remote.RemoteTestNG.main(RemoteTestNG.java:77)
]]>
    </error>
  </testcase> <!-- busbook -->
  <system-out>
    <![CDATA[BUSES
FLIGHTS
HOTELS
HOLIDAYS
MEALS
PROMOTIONS
MORE
1) Greenline Travels
2) VJS Travels
3) VJS TRAVELS
4) SPT Tours And Travels
5) Go Link
6) NueGo
7) Alaguthangam Travels
8) Jabbar Travels
9) IntrCity SmartBus
10) IntrCity SmartBus (Washroom onboard)
11) IntrCity SmartBus (Washroom onboard)
12) IntrCity SmartBus
13) Yolo Bus
14) IntrCity SmartBus
15) V2K Travels
16) V2K Travels
17) Dreamlinetravels pvt ltd
18) SPS Luxury Travels
19) SPS Luxury Travels
20) SPS Luxury Travels
21) Yolo Bus
22) SPS Luxury Travels
23) SHARMA TRANSPORTS
24) UST Bus
25) SPS Luxury Travels
26) SPS Luxury Travels
27) SPS Luxury Travels
28) Bharathi Travels
29) SHARMA TRANSPORTS
30) SPS Luxury Travels
31) SPS Luxury Travels
32) Seabird Tourists
33) NueGo
34) SPS Luxury Travels
35) SPS Luxury Travels
36) SPS Luxury Travels
37) SPS Luxury Travels
38) SPS Luxury Travels
39) IntrCity SmartBus
40) Yolo Bus
41) SPS Luxury Travels
42) National Travels(nts)
43) SPS Luxury Travels
44) VHB Travels
45) SRS Travels and Logistics Private Limited
46) SRI SUGAM TRAVELS
47) Jabbar Travels
48) UST Bus
49) IntrCity SmartBus (Washroom onboard)
50) IntrCity SmartBus
51) DLT Bus
52) YBM Travels (BLM)
53) YBM Travels (BLM)
54) Greenline Travels
55) IntrCity SmartBus (Washroom onboard)
56) SPT Tours and Travels
57) Jabbar Travels
58) Yolo Bus
59) IntrCity SmartBus
60) Jabbar Travels
61) V2K Travels
62) VHB Travels
63) National Travels(nts)
64) KMRL Kalaimakal
65) IntrCity SmartBus
66) Parveen Travels
67) NueGo
68) V2K Travels
69) Parveen Travels
70) Go Link
71) KMRL Kalaimakal
72) Yolo Bus
73) IntrCity SmartBus
74) Vijay Lines
75) NueGo
76) KMRL Kalaimakal
77) Bharathi Travels
78) Alaguthangam Travels
79) SRS Travels and Logistics Private Limited
80) National Travels(nts)
81) VHB Travels
82) IntrCity SmartBus
83) KMRL Kalaimakal
84) GPM Travels
85) GPM Travels
86) National Travels NTA
87) IntrCity SmartBus
88) GEEPEE BUS
89) National Travels NTA
90) GOKULAM TRAVELS
91) KMRL Kalaimakal
92) YBM Travels(BLM)
93) KMRL Kalaimakal
94) Sri Sugam Bus Tours and Travels
95) Jabbar Travels
96) GEEPEE BUS
97) National Travels(nts)
98) RKK Travels
99) JTS Tours & Travels
100) SPS Travels
101) Sharma Transports
102) SPS Travels
103) IntrCity SmartBus (Washroom onboard)
104) National travels
105) SPS Travels
106) Yolo Bus
107) MKC TRAVELS
108) SPS Travels
109) IntrCity SmartBus
110) SPS Travels
111) SPS Travels
112) SPS Travels
113) Bharathi Travels
114) IntrCity SmartBus
115) SPS Travels
116) SPS Travels
117) UST Bus
118) SPS Travels
119) Bharathi Travels
120) SPS Travels
121) Sharma Transports
122) Swamy Ayyappa Travels
123) National travels
124) SPS Travels
125) NATIONAL TRAVELS NTA
126) SPS Travels
127) SRS Travels
128) Shama Sardar Travels HPM
129) NueGo
130) Dream Line Travels Pvt Ltd
131) Shama Sardar Travels HPM
132) VHB Travels
133) Asian Xpress
134) Orange Tours and Travels
135) SPS Travels
136) SPS Travels
137) Gokulam Travels
138) IntrCity SmartBus
139) UST Bus
140) GreenLine Travels And Holidays
141) Jabbar Travels
142) Yolo Bus
143) Jabbar Travels
144) Yolo Bus
145) SPS Travels
146) National travels
147) Jabbar Travels
148) GEE PEE TRAVELS
149) NATIONAL TRAVELS NTA
150) Swamy Ayyappa Travels
151) RKK Travels
152) IntrCity SmartBus
153) SRS Travels
154) JTS Tours and Travels
155) Vijay Lines
156) Yolo Bus
157) Orange Tours And Travels
158) Yolo Bus
159) IntrCity SmartBus
160) Bharathi Travels
161) DLT BUS
162) Bharathi Travels
163) Asian Xpress
164) Jayavin Travels
165) National travels
166) NueGo
167) Shama Sardar Travels HPM
168) Starlink Travels
169) Sea Bird Tourist
170) NATIONAL TRAVELS NTA]]>
  </system-out>
</testsuite> <!-- Tasks.IrctcBusBook -->
