<?xml version="1.0" encoding="UTF-8"?>
<!-- Generated by org.testng.reporters.JUnitReportReporter -->
<testsuite hostname="TYSS-Prabhat" failures="0" tests="1" name="Tasks.OccurenceTest" time="0.008" errors="0" timestamp="2024-01-28T21:04:57 IST" skipped="0">
  <testcase classname="Tasks.OccurenceTest" name="occuraanceifchar" time="0.008"/>
  <system-out/>
</testsuite> <!-- Tasks.OccurenceTest -->
