<?xml version="1.0" encoding="UTF-8"?>
<!-- Generated by org.testng.reporters.JUnitReportReporter -->
<testsuite hostname="TYSS-Prabhat" failures="0" tests="1" name="Tasks.BrokenUrls" time="9.589" errors="0" timestamp="2024-01-25T15:12:12 IST" skipped="0">
  <testcase classname="Tasks.BrokenUrls" name="broke" time="9.589"/>
  <system-out/>
</testsuite> <!-- Tasks.BrokenUrls -->
